2020-07-08 14:51:22,114 - pyCAN_5G.py[line:475] - INFO: sendMsg error:
2020-07-08 14:51:22,189 - pyCAN_5G.py[line:309] - INFO: 发送消息714:0322F10000000000
2020-07-08 14:51:22,215 - pyCAN_5G.py[line:309] - INFO: 发送消息714:3000000000000000
2020-07-08 14:51:22,225 - pyCAN_5G.py[line:510] - INFO: 接收消息71c:100962F100010100
2020-07-08 14:51:22,230 - pyCAN_5G.py[line:510] - INFO: 接收消息71c:2100B594AAAAAAAA
2020-07-08 14:51:22,230 - pyCAN_5G.py[line:309] - INFO: 发送消息714:3000000000000000
2020-07-08 14:51:22,579 - pyCAN_5G.py[line:475] - INFO: sendMsg error:
2020-07-08 14:51:22,629 - pyCAN_5G.py[line:309] - INFO: 发送消息714:0322F11000000000
2020-07-08 14:51:22,655 - pyCAN_5G.py[line:309] - INFO: 发送消息714:3000000000000000
2020-07-08 14:51:22,665 - pyCAN_5G.py[line:510] - INFO: 接收消息71c:101362F110FFFFFF
2020-07-08 14:51:22,670 - pyCAN_5G.py[line:309] - INFO: 发送消息714:3000000000000000
2020-07-08 14:51:22,676 - pyCAN_5G.py[line:510] - INFO: 接收消息71c:21FFFFFFFFFFFFFF
2020-07-08 14:51:22,696 - pyCAN_5G.py[line:510] - INFO: 接收消息71c:22FFFFFFFFFFFFAA
2020-07-08 14:51:23,140 - pyCAN_5G.py[line:475] - INFO: sendMsg error:
2020-07-08 14:51:23,203 - pyCAN_5G.py[line:309] - INFO: 发送消息714:0322F11000000000
2020-07-08 14:51:23,226 - pyCAN_5G.py[line:309] - INFO: 发送消息714:3000000000000000
2020-07-08 14:51:23,236 - pyCAN_5G.py[line:510] - INFO: 接收消息71c:101362F110FFFFFF
2020-07-08 14:51:23,241 - pyCAN_5G.py[line:309] - INFO: 发送消息714:3000000000000000
2020-07-08 14:51:23,246 - pyCAN_5G.py[line:510] - INFO: 接收消息71c:21FFFFFFFFFFFFFF
2020-07-08 14:51:23,266 - pyCAN_5G.py[line:510] - INFO: 接收消息71c:22FFFFFFFFFFFFAA
2020-07-08 14:51:24,042 - pyCAN_5G.py[line:309] - INFO: 发送消息714:0322F11100000000
2020-07-08 14:51:24,062 - pyCAN_5G.py[line:309] - INFO: 发送消息714:3000000000000000
2020-07-08 14:51:24,072 - pyCAN_5G.py[line:510] - INFO: 接收消息71c:101362F111FFFFFF
2020-07-08 14:51:24,077 - pyCAN_5G.py[line:309] - INFO: 发送消息714:3000000000000000
2020-07-08 14:51:24,086 - pyCAN_5G.py[line:510] - INFO: 接收消息71c:21FFFFFFFFFFFFFF
2020-07-08 14:51:24,106 - pyCAN_5G.py[line:510] - INFO: 接收消息71c:22FFFFFFFFFFFFAA
2020-07-08 14:51:24,877 - pyCAN_5G.py[line:309] - INFO: 发送消息714:0322F11200000000
2020-07-08 14:51:24,903 - pyCAN_5G.py[line:309] - INFO: 发送消息714:3000000000000000
2020-07-08 14:51:24,913 - pyCAN_5G.py[line:510] - INFO: 接收消息71c:101362F112FFFFFF
2020-07-08 14:51:24,918 - pyCAN_5G.py[line:309] - INFO: 发送消息714:3000000000000000
2020-07-08 14:51:24,926 - pyCAN_5G.py[line:510] - INFO: 接收消息71c:21FFFFFFFFFFFFFF
2020-07-08 14:51:24,946 - pyCAN_5G.py[line:510] - INFO: 接收消息71c:22FFFFFFFFFFFFAA
2020-07-08 14:51:25,719 - pyCAN_5G.py[line:309] - INFO: 发送消息714:0322F11300000000
2020-07-08 14:51:25,744 - pyCAN_5G.py[line:309] - INFO: 发送消息714:3000000000000000
2020-07-08 14:51:25,744 - pyCAN_5G.py[line:510] - INFO: 接收消息71c:101362F113FFFFFF
2020-07-08 14:51:25,744 - pyCAN_5G.py[line:309] - INFO: 发送消息714:3000000000000000
2020-07-08 14:51:25,756 - pyCAN_5G.py[line:510] - INFO: 接收消息71c:21FFFFFFFFFFFFFF
2020-07-08 14:51:25,776 - pyCAN_5G.py[line:510] - INFO: 接收消息71c:22FFFFFFFFFFFFAA
2020-07-08 14:51:26,545 - pyCAN_5G.py[line:309] - INFO: 发送消息714:0322F11400000000
2020-07-08 14:51:26,575 - pyCAN_5G.py[line:309] - INFO: 发送消息714:3000000000000000
2020-07-08 14:51:26,585 - pyCAN_5G.py[line:510] - INFO: 接收消息71c:101362F114FFFFFF
2020-07-08 14:51:26,590 - pyCAN_5G.py[line:309] - INFO: 发送消息714:3000000000000000
2020-07-08 14:51:26,596 - pyCAN_5G.py[line:510] - INFO: 接收消息71c:21FFFFFFFFFFFFFF
2020-07-08 14:51:26,616 - pyCAN_5G.py[line:510] - INFO: 接收消息71c:22FFFFFFFFFFFFAA
2020-07-08 14:51:27,390 - pyCAN_5G.py[line:309] - INFO: 发送消息714:0322F11500000000
2020-07-08 14:51:27,415 - pyCAN_5G.py[line:309] - INFO: 发送消息714:3000000000000000
2020-07-08 14:51:27,425 - pyCAN_5G.py[line:510] - INFO: 接收消息71c:101362F115FFFFFF
2020-07-08 14:51:27,430 - pyCAN_5G.py[line:309] - INFO: 发送消息714:3000000000000000
2020-07-08 14:51:27,436 - pyCAN_5G.py[line:510] - INFO: 接收消息71c:21FFFFFFFFFFFFFF
2020-07-08 14:51:27,456 - pyCAN_5G.py[line:510] - INFO: 接收消息71c:22FFFFFFFFFFFFAA
2020-07-08 14:51:28,239 - pyCAN_5G.py[line:309] - INFO: 发送消息714:0322F11600000000
2020-07-08 14:51:28,266 - pyCAN_5G.py[line:309] - INFO: 发送消息714:3000000000000000
2020-07-08 14:51:28,266 - pyCAN_5G.py[line:510] - INFO: 接收消息71c:101362F116FFFFFF
2020-07-08 14:51:28,269 - pyCAN_5G.py[line:309] - INFO: 发送消息714:3000000000000000
2020-07-08 14:51:28,286 - pyCAN_5G.py[line:510] - INFO: 接收消息71c:21FFFFFFFFFFFFFF
2020-07-08 14:51:28,306 - pyCAN_5G.py[line:510] - INFO: 接收消息71c:22FFFFFFFFFFFFAA
2020-07-08 14:51:29,070 - pyCAN_5G.py[line:309] - INFO: 发送消息714:0322F11700000000
2020-07-08 14:51:29,095 - pyCAN_5G.py[line:309] - INFO: 发送消息714:3000000000000000
2020-07-08 14:51:29,105 - pyCAN_5G.py[line:510] - INFO: 接收消息71c:101362F117FFFFFF
2020-07-08 14:51:29,110 - pyCAN_5G.py[line:309] - INFO: 发送消息714:3000000000000000
2020-07-08 14:51:29,116 - pyCAN_5G.py[line:510] - INFO: 接收消息71c:21FFFFFFFFFFFFFF
2020-07-08 14:51:29,136 - pyCAN_5G.py[line:510] - INFO: 接收消息71c:22FFFFFFFFFFFFAA
2020-07-08 14:51:29,915 - pyCAN_5G.py[line:309] - INFO: 发送消息714:0322F11800000000
2020-07-08 14:51:29,945 - pyCAN_5G.py[line:309] - INFO: 发送消息714:3000000000000000
2020-07-08 14:51:29,955 - pyCAN_5G.py[line:510] - INFO: 接收消息71c:101362F118FFFFFF
2020-07-08 14:51:29,960 - pyCAN_5G.py[line:309] - INFO: 发送消息714:3000000000000000
2020-07-08 14:51:29,966 - pyCAN_5G.py[line:510] - INFO: 接收消息71c:21FFFFFFFFFFFFFF
2020-07-08 14:51:29,986 - pyCAN_5G.py[line:510] - INFO: 接收消息71c:22FFFFFFFFFFFFAA
2020-07-08 14:51:30,761 - pyCAN_5G.py[line:309] - INFO: 发送消息714:0322F11900000000
2020-07-08 14:51:30,786 - pyCAN_5G.py[line:309] - INFO: 发送消息714:3000000000000000
2020-07-08 14:51:30,796 - pyCAN_5G.py[line:510] - INFO: 接收消息71c:101362F119FFFFFF
2020-07-08 14:51:30,796 - pyCAN_5G.py[line:309] - INFO: 发送消息714:3000000000000000
2020-07-08 14:51:30,807 - pyCAN_5G.py[line:510] - INFO: 接收消息71c:21FFFFFFFFFFFFFF
2020-07-08 14:51:30,827 - pyCAN_5G.py[line:510] - INFO: 接收消息71c:22FFFFFFFFFFFFAA
2020-07-08 14:51:31,596 - pyCAN_5G.py[line:309] - INFO: 发送消息714:0322F11A00000000
2020-07-08 14:51:31,626 - pyCAN_5G.py[line:309] - INFO: 发送消息714:3000000000000000
2020-07-08 14:51:31,636 - pyCAN_5G.py[line:510] - INFO: 接收消息71c:101362F11AFFFFFF
2020-07-08 14:51:31,641 - pyCAN_5G.py[line:309] - INFO: 发送消息714:3000000000000000
2020-07-08 14:51:31,646 - pyCAN_5G.py[line:510] - INFO: 接收消息71c:21FFFFFFFFFFFFFF
2020-07-08 14:51:31,666 - pyCAN_5G.py[line:510] - INFO: 接收消息71c:22FFFFFFFFFFFFAA
2020-07-08 14:51:32,441 - pyCAN_5G.py[line:309] - INFO: 发送消息714:0322F11B00000000
2020-07-08 14:51:32,466 - pyCAN_5G.py[line:309] - INFO: 发送消息714:3000000000000000
2020-07-08 14:51:32,476 - pyCAN_5G.py[line:510] - INFO: 接收消息71c:101362F11BFFFFFF
2020-07-08 14:51:32,476 - pyCAN_5G.py[line:309] - INFO: 发送消息714:3000000000000000
2020-07-08 14:51:32,486 - pyCAN_5G.py[line:510] - INFO: 接收消息71c:21FFFFFFFFFFFFFF
2020-07-08 14:51:32,506 - pyCAN_5G.py[line:510] - INFO: 接收消息71c:22FFFFFFFFFFFFAA
2020-07-08 14:51:33,276 - pyCAN_5G.py[line:309] - INFO: 发送消息714:0322F11C00000000
2020-07-08 14:51:33,306 - pyCAN_5G.py[line:309] - INFO: 发送消息714:3000000000000000
2020-07-08 14:51:33,316 - pyCAN_5G.py[line:510] - INFO: 接收消息71c:101362F11CFFFFFF
2020-07-08 14:51:33,321 - pyCAN_5G.py[line:309] - INFO: 发送消息714:3000000000000000
2020-07-08 14:51:33,326 - pyCAN_5G.py[line:510] - INFO: 接收消息71c:21FFFFFFFFFFFFFF
2020-07-08 14:51:33,346 - pyCAN_5G.py[line:510] - INFO: 接收消息71c:22FFFFFFFFFFFFAA
2020-07-08 14:51:34,121 - pyCAN_5G.py[line:309] - INFO: 发送消息714:0322F11D00000000
2020-07-08 14:51:34,142 - pyCAN_5G.py[line:309] - INFO: 发送消息714:3000000000000000
2020-07-08 14:51:34,152 - pyCAN_5G.py[line:510] - INFO: 接收消息71c:101362F11DFFFFFF
2020-07-08 14:51:34,157 - pyCAN_5G.py[line:309] - INFO: 发送消息714:3000000000000000
2020-07-08 14:51:34,166 - pyCAN_5G.py[line:510] - INFO: 接收消息71c:21FFFFFFFFFFFFFF
2020-07-08 14:51:34,186 - pyCAN_5G.py[line:510] - INFO: 接收消息71c:22FFFFFFFFFFFFAA
2020-07-08 14:51:34,957 - pyCAN_5G.py[line:309] - INFO: 发送消息714:0322F11E00000000
2020-07-08 14:51:34,982 - pyCAN_5G.py[line:309] - INFO: 发送消息714:3000000000000000
2020-07-08 14:51:34,992 - pyCAN_5G.py[line:510] - INFO: 接收消息71c:101362F11EFFFFFF
2020-07-08 14:51:34,997 - pyCAN_5G.py[line:309] - INFO: 发送消息714:3000000000000000
2020-07-08 14:51:35,006 - pyCAN_5G.py[line:510] - INFO: 接收消息71c:21FFFFFFFFFFFFFF
2020-07-08 14:51:35,026 - pyCAN_5G.py[line:510] - INFO: 接收消息71c:22FFFFFFFFFFFFAA
2020-07-08 14:51:35,797 - pyCAN_5G.py[line:309] - INFO: 发送消息714:0322F11F00000000
2020-07-08 14:51:35,822 - pyCAN_5G.py[line:309] - INFO: 发送消息714:3000000000000000
2020-07-08 14:51:35,832 - pyCAN_5G.py[line:510] - INFO: 接收消息71c:101362F11FFFFFFF
2020-07-08 14:51:35,837 - pyCAN_5G.py[line:309] - INFO: 发送消息714:3000000000000000
2020-07-08 14:51:35,846 - pyCAN_5G.py[line:510] - INFO: 接收消息71c:21FFFFFFFFFFFFFF
2020-07-08 14:51:35,866 - pyCAN_5G.py[line:510] - INFO: 接收消息71c:22FFFFFFFFFFFFAA
2020-07-08 14:51:36,802 - pyCAN_5G.py[line:475] - INFO: sendMsg error:
2020-07-08 14:51:36,869 - pyCAN_5G.py[line:309] - INFO: 发送消息714:0322F12000000000
2020-07-08 14:51:36,900 - pyCAN_5G.py[line:309] - INFO: 发送消息714:3000000000000000
2020-07-08 14:51:36,910 - pyCAN_5G.py[line:510] - INFO: 接收消息71c:101362F120FFFFFF
2020-07-08 14:51:36,915 - pyCAN_5G.py[line:309] - INFO: 发送消息714:3000000000000000
2020-07-08 14:51:36,926 - pyCAN_5G.py[line:510] - INFO: 接收消息71c:21FFFFFFFFFFFFFF
2020-07-08 14:51:36,946 - pyCAN_5G.py[line:510] - INFO: 接收消息71c:22FFFFFFFFFFFFAA
2020-07-08 14:51:37,715 - pyCAN_5G.py[line:309] - INFO: 发送消息714:0322F12100000000
2020-07-08 14:51:37,745 - pyCAN_5G.py[line:309] - INFO: 发送消息714:3000000000000000
2020-07-08 14:51:37,755 - pyCAN_5G.py[line:510] - INFO: 接收消息71c:101362F121FFFFFF
2020-07-08 14:51:37,760 - pyCAN_5G.py[line:309] - INFO: 发送消息714:3000000000000000
2020-07-08 14:51:37,766 - pyCAN_5G.py[line:510] - INFO: 接收消息71c:21FFFFFFFFFFFFFF
2020-07-08 14:51:37,786 - pyCAN_5G.py[line:510] - INFO: 接收消息71c:22FFFFFFFFFFFFAA
2020-07-08 14:51:38,723 - pyCAN_5G.py[line:475] - INFO: sendMsg error:
2020-07-08 14:51:38,782 - pyCAN_5G.py[line:309] - INFO: 发送消息714:0322F18300000000
2020-07-08 14:51:38,803 - pyCAN_5G.py[line:309] - INFO: 发送消息714:3000000000000000
2020-07-08 14:51:38,813 - pyCAN_5G.py[line:510] - INFO: 接收消息71c:100D62F183FFFFFF
2020-07-08 14:51:38,818 - pyCAN_5G.py[line:309] - INFO: 发送消息714:3000000000000000
2020-07-08 14:51:38,818 - pyCAN_5G.py[line:510] - INFO: 接收消息71c:21FF000000000001
2020-07-08 14:51:39,138 - pyCAN_5G.py[line:475] - INFO: sendMsg error:
2020-07-08 14:51:39,196 - pyCAN_5G.py[line:309] - INFO: 发送消息714:0322F18700000000
2020-07-08 14:51:39,222 - pyCAN_5G.py[line:309] - INFO: 发送消息714:3000000000000000
2020-07-08 14:51:39,232 - pyCAN_5G.py[line:510] - INFO: 接收消息71c:100862F187107735
2020-07-08 14:51:39,237 - pyCAN_5G.py[line:309] - INFO: 发送消息714:3000000000000000
2020-07-08 14:51:39,237 - pyCAN_5G.py[line:510] - INFO: 接收消息71c:213501AAAAAAAAAA
2020-07-08 14:51:39,597 - pyCAN_5G.py[line:475] - INFO: sendMsg error:
2020-07-08 14:51:39,651 - pyCAN_5G.py[line:309] - INFO: 发送消息714:0322F18A00000000
2020-07-08 14:51:39,672 - pyCAN_5G.py[line:309] - INFO: 发送消息714:3000000000000000
2020-07-08 14:51:39,682 - pyCAN_5G.py[line:510] - INFO: 接收消息71c:100862F18A054529
2020-07-08 14:51:39,687 - pyCAN_5G.py[line:309] - INFO: 发送消息714:3000000000000000
2020-07-08 14:51:39,687 - pyCAN_5G.py[line:510] - INFO: 接收消息71c:218424AAAAAAAAAA
2020-07-08 14:51:40,046 - pyCAN_5G.py[line:475] - INFO: sendMsg error:
2020-07-08 14:51:40,101 - pyCAN_5G.py[line:309] - INFO: 发送消息714:0322F18B00000000
2020-07-08 14:51:40,123 - pyCAN_5G.py[line:510] - INFO: 接收消息71c:0662F18BFFFFFFAA
2020-07-08 14:51:40,728 - pyCAN_5G.py[line:309] - INFO: 发送消息714:0322F18C00000000
2020-07-08 14:51:40,753 - pyCAN_5G.py[line:309] - INFO: 发送消息714:3000000000000000
2020-07-08 14:51:40,763 - pyCAN_5G.py[line:510] - INFO: 接收消息71c:101362F18CFFFFFF
2020-07-08 14:51:40,768 - pyCAN_5G.py[line:309] - INFO: 发送消息714:3000000000000000
2020-07-08 14:51:40,777 - pyCAN_5G.py[line:510] - INFO: 接收消息71c:21FFFFFFFFFFFFFF
2020-07-08 14:51:40,797 - pyCAN_5G.py[line:510] - INFO: 接收消息71c:22FFFFFFFFFFFFAA
2020-07-08 14:51:41,742 - pyCAN_5G.py[line:475] - INFO: sendMsg error:
2020-07-08 14:51:41,808 - pyCAN_5G.py[line:309] - INFO: 发送消息714:0322F19000000000
2020-07-08 14:51:41,829 - pyCAN_5G.py[line:309] - INFO: 发送消息714:3000000000000000
2020-07-08 14:51:41,829 - pyCAN_5G.py[line:510] - INFO: 接收消息71c:101462F190FFFFFF
2020-07-08 14:51:41,829 - pyCAN_5G.py[line:309] - INFO: 发送消息714:3000000000000000
2020-07-08 14:51:41,847 - pyCAN_5G.py[line:510] - INFO: 接收消息71c:21FFFFFFFFFFFFFF
2020-07-08 14:51:41,867 - pyCAN_5G.py[line:510] - INFO: 接收消息71c:22FFFFFFFFFFFFFF
2020-07-08 14:51:42,328 - pyCAN_5G.py[line:475] - INFO: sendMsg error:
2020-07-08 14:51:42,403 - pyCAN_5G.py[line:309] - INFO: 发送消息714:0322F19100000000
2020-07-08 14:51:42,425 - pyCAN_5G.py[line:309] - INFO: 发送消息714:3000000000000000
2020-07-08 14:51:42,435 - pyCAN_5G.py[line:510] - INFO: 接收消息71c:100862F191109326
2020-07-08 14:51:42,440 - pyCAN_5G.py[line:309] - INFO: 发送消息714:3000000000000000
2020-07-08 14:51:42,440 - pyCAN_5G.py[line:510] - INFO: 接收消息71c:216702AAAAAAAAAA
2020-07-08 14:51:42,789 - pyCAN_5G.py[line:475] - INFO: sendMsg error:
2020-07-08 14:51:42,850 - pyCAN_5G.py[line:309] - INFO: 发送消息714:0322F19200000000
2020-07-08 14:51:42,876 - pyCAN_5G.py[line:309] - INFO: 发送消息714:3000000000000000
2020-07-08 14:51:42,886 - pyCAN_5G.py[line:510] - INFO: 接收消息71c:100D62F192303132
2020-07-08 14:51:42,891 - pyCAN_5G.py[line:309] - INFO: 发送消息714:3000000000000000
2020-07-08 14:51:42,891 - pyCAN_5G.py[line:510] - INFO: 接收消息71c:2133343536373839
2020-07-08 14:51:43,254 - pyCAN_5G.py[line:475] - INFO: sendMsg error:
2020-07-08 14:51:43,309 - pyCAN_5G.py[line:309] - INFO: 发送消息714:0322F19400000000
2020-07-08 14:51:43,335 - pyCAN_5G.py[line:309] - INFO: 发送消息714:3000000000000000
2020-07-08 14:51:43,345 - pyCAN_5G.py[line:510] - INFO: 接收消息71c:100D62F194323033
2020-07-08 14:51:43,350 - pyCAN_5G.py[line:309] - INFO: 发送消息714:3000000000000000
2020-07-08 14:51:43,350 - pyCAN_5G.py[line:510] - INFO: 接收消息71c:2131303831303230
2020-07-08 14:51:43,699 - pyCAN_5G.py[line:475] - INFO: sendMsg error:
2020-07-08 14:51:43,779 - pyCAN_5G.py[line:309] - INFO: 发送消息714:0322F19800000000
2020-07-08 14:51:43,805 - pyCAN_5G.py[line:309] - INFO: 发送消息714:3000000000000000
2020-07-08 14:51:43,815 - pyCAN_5G.py[line:510] - INFO: 接收消息71c:100E62F198000000
2020-07-08 14:51:43,820 - pyCAN_5G.py[line:309] - INFO: 发送消息714:3000000000000000
2020-07-08 14:51:43,827 - pyCAN_5G.py[line:510] - INFO: 接收消息71c:2100000000000000
2020-07-08 14:51:43,847 - pyCAN_5G.py[line:510] - INFO: 接收消息71c:2200AAAAAAAAAAAA
2020-07-08 14:51:44,293 - pyCAN_5G.py[line:475] - INFO: sendMsg error:
2020-07-08 14:51:44,357 - pyCAN_5G.py[line:309] - INFO: 发送消息714:0322F1A000000000
2020-07-08 14:51:44,383 - pyCAN_5G.py[line:309] - INFO: 发送消息714:3000000000000000
2020-07-08 14:51:44,393 - pyCAN_5G.py[line:510] - INFO: 接收消息71c:100862F1A0109323
2020-07-08 14:51:44,398 - pyCAN_5G.py[line:309] - INFO: 发送消息714:3000000000000000
2020-07-08 14:51:44,398 - pyCAN_5G.py[line:510] - INFO: 接收消息71c:216901AAAAAAAAAA
2020-07-08 14:51:44,798 - pyCAN_5G.py[line:475] - INFO: sendMsg error:
2020-07-08 14:51:44,892 - pyCAN_5G.py[line:309] - INFO: 发送消息714:0322F1A100000000
2020-07-08 14:51:44,913 - pyCAN_5G.py[line:309] - INFO: 发送消息714:3000000000000000
2020-07-08 14:51:44,923 - pyCAN_5G.py[line:510] - INFO: 接收消息71c:100862F1A1000000
2020-07-08 14:51:44,928 - pyCAN_5G.py[line:309] - INFO: 发送消息714:3000000000000000
2020-07-08 14:51:44,928 - pyCAN_5G.py[line:510] - INFO: 接收消息71c:210000AAAAAAAAAA
2020-07-08 14:51:45,302 - pyCAN_5G.py[line:475] - INFO: sendMsg error:
2020-07-08 14:51:45,368 - pyCAN_5G.py[line:309] - INFO: 发送消息714:0322F1A200000000
2020-07-08 14:51:45,394 - pyCAN_5G.py[line:309] - INFO: 发送消息714:3000000000000000
2020-07-08 14:51:45,404 - pyCAN_5G.py[line:510] - INFO: 接收消息71c:100B62F1A2610159
2020-07-08 14:51:45,404 - pyCAN_5G.py[line:309] - INFO: 发送消息714:3000000000000000
2020-07-08 14:51:45,407 - pyCAN_5G.py[line:510] - INFO: 接收消息71c:211086572510AAAA
2020-07-08 14:51:45,755 - pyCAN_5G.py[line:475] - INFO: sendMsg error:
2020-07-08 14:51:45,821 - pyCAN_5G.py[line:309] - INFO: 发送消息714:0322F1A500000000
2020-07-08 14:51:45,847 - pyCAN_5G.py[line:510] - INFO: 接收消息71c:0662F1A5000000AA
2020-07-08 14:51:46,106 - pyCAN_5G.py[line:475] - INFO: sendMsg error:
2020-07-08 14:51:46,162 - pyCAN_5G.py[line:309] - INFO: 发送消息714:0322F1A800000000
2020-07-08 14:51:46,183 - pyCAN_5G.py[line:309] - INFO: 发送消息714:3000000000000000
2020-07-08 14:51:46,193 - pyCAN_5G.py[line:510] - INFO: 接收消息71c:101762F1A8FFFFFF
2020-07-08 14:51:46,198 - pyCAN_5G.py[line:309] - INFO: 发送消息714:3000000000000000
2020-07-08 14:51:46,207 - pyCAN_5G.py[line:510] - INFO: 接收消息71c:21FFFFFFFFFFFFFF
2020-07-08 14:51:46,227 - pyCAN_5G.py[line:510] - INFO: 接收消息71c:22FFFFFFFFFFFFFF
2020-07-08 14:51:46,247 - pyCAN_5G.py[line:510] - INFO: 接收消息71c:23FFFFFFAAAAAAAA
2020-07-08 14:51:46,771 - pyCAN_5G.py[line:475] - INFO: sendMsg error:
2020-07-08 14:51:46,918 - pyCAN_5G.py[line:309] - INFO: 发送消息714:0322F1A900000000
2020-07-08 14:51:46,945 - pyCAN_5G.py[line:309] - INFO: 发送消息714:3000000000000000
2020-07-08 14:51:46,955 - pyCAN_5G.py[line:510] - INFO: 接收消息71c:100862F1A9000000
2020-07-08 14:51:46,960 - pyCAN_5G.py[line:309] - INFO: 发送消息714:3000000000000000
2020-07-08 14:51:46,961 - pyCAN_5G.py[line:510] - INFO: 接收消息71c:210000AAAAAAAAAA
2020-07-08 14:51:47,326 - pyCAN_5G.py[line:475] - INFO: sendMsg error:
2020-07-08 14:51:47,409 - pyCAN_5G.py[line:309] - INFO: 发送消息714:0322F1AA00000000
2020-07-08 14:51:47,435 - pyCAN_5G.py[line:309] - INFO: 发送消息714:3000000000000000
2020-07-08 14:51:47,445 - pyCAN_5G.py[line:510] - INFO: 接收消息71c:100862F1AA104657
2020-07-08 14:51:47,450 - pyCAN_5G.py[line:510] - INFO: 接收消息71c:212201AAAAAAAAAA
2020-07-08 14:51:47,450 - pyCAN_5G.py[line:309] - INFO: 发送消息714:3000000000000000
2020-07-08 14:51:47,804 - pyCAN_5G.py[line:475] - INFO: sendMsg error:
2020-07-08 14:51:47,855 - pyCAN_5G.py[line:309] - INFO: 发送消息714:0322F1B500000000
2020-07-08 14:51:47,886 - pyCAN_5G.py[line:309] - INFO: 发送消息714:3000000000000000
2020-07-08 14:51:47,896 - pyCAN_5G.py[line:510] - INFO: 接收消息71c:100862F1B5109340
2020-07-08 14:51:47,901 - pyCAN_5G.py[line:309] - INFO: 发送消息714:3000000000000000
2020-07-08 14:51:47,901 - pyCAN_5G.py[line:510] - INFO: 接收消息71c:212501AAAAAAAAAA
2020-07-08 14:51:48,305 - pyCAN_5G.py[line:475] - INFO: sendMsg error:
2020-07-08 14:51:48,377 - pyCAN_5G.py[line:309] - INFO: 发送消息714:0322F1B600000000
2020-07-08 14:51:48,400 - pyCAN_5G.py[line:309] - INFO: 发送消息714:3000000000000000
2020-07-08 14:51:48,410 - pyCAN_5G.py[line:510] - INFO: 接收消息71c:100862F1B6109511
2020-07-08 14:51:48,415 - pyCAN_5G.py[line:309] - INFO: 发送消息714:3000000000000000
2020-07-08 14:51:48,417 - pyCAN_5G.py[line:510] - INFO: 接收消息71c:217401AAAAAAAAAA
